<?xml version="1.0" encoding="UTF-8"?>
<testng-results ignored="0" total="1" passed="1" failed="0" skipped="0">
  <reporter-output>
  </reporter-output>
  <suite started-at="2022-06-20T07:29:32Z" name="Default suite" finished-at="2022-06-20T07:29:44Z" duration-ms="12783">
    <groups>
    </groups>
    <test started-at="2022-06-20T07:29:32Z" name="Default test" finished-at="2022-06-20T07:29:44Z" duration-ms="12783">
      <class name="com.testcases.LoginTestCase">
        <test-method is-config="true" signature="launch()[pri:0, instance:com.testcases.LoginTestCase@60410cd]" started-at="2022-06-20T07:29:32Z" name="launch" finished-at="2022-06-20T07:29:36Z" duration-ms="4438" status="PASS">
          <reporter-output>
          </reporter-output>
        </test-method> <!-- launch -->
        <test-method signature="loginTest()[pri:0, instance:com.testcases.LoginTestCase@60410cd]" started-at="2022-06-20T07:29:36Z" name="loginTest" finished-at="2022-06-20T07:29:36Z" duration-ms="213" status="PASS">
          <reporter-output>
          </reporter-output>
        </test-method> <!-- loginTest -->
        <test-method is-config="true" signature="closeApp()[pri:0, instance:com.testcases.LoginTestCase@60410cd]" started-at="2022-06-20T07:29:36Z" name="closeApp" finished-at="2022-06-20T07:29:44Z" duration-ms="8116" status="PASS">
          <reporter-output>
          </reporter-output>
        </test-method> <!-- closeApp -->
      </class> <!-- com.testcases.LoginTestCase -->
    </test> <!-- Default test -->
  </suite> <!-- Default suite -->
</testng-results>
